<?xml version="1.0" encoding="UTF-8"?>
<!-- Generated by org.testng.reporters.JUnitXMLReporter -->
<testsuite ignored="2" hostname="LTIN531917" failures="0" tests="4" name="LoanTests" time="31.642" errors="0" timestamp="2025-07-14T17:52:07 IST">
  <testcase classname="test.CarLoanTest" name="carLoanDataPassing" time="2.574"/>
  <testcase classname="test.CarLoanTest" name="carLoanTest" time="0.409"/>
  <testcase classname="test.HomeLoanTest" name="homeLoanTest" time="6.665"/>
  <testcase classname="test.HomeLoanTest" name="homeLoanData1" time="20.166"/>
  <testcase classname="test.BaseTest" name="@BeforeSuite setUp" time="0.0">
    <ignored/>
  </testcase> <!-- @BeforeSuite setUp -->
  <testcase classname="test.BaseTest" name="@AfterSuite tearDown" time="0.0">
    <ignored/>
  </testcase> <!-- @AfterSuite tearDown -->
</testsuite> <!-- LoanTests -->
