<?xml version="1.0" encoding="UTF-8"?>
<!-- Generated by org.testng.reporters.JUnitXMLReporter -->
<testsuite ignored="2" hostname="LTIN531917" failures="0" tests="3" name="LoanTests" time="43.836" errors="0" timestamp="2025-07-15T14:31:34 IST">
  <testcase classname="test.CarLoanTest" name="carLoanDataPassing" time="3.468"/>
  <testcase classname="test.HomeLoanTest" name="homeLoanTest" time="9.521"/>
  <testcase classname="test.HomeLoanTest" name="homeLoanData1" time="27.183"/>
  <testcase classname="test.BaseTest" name="@AfterSuite tearDown" time="0.0">
    <ignored/>
  </testcase> <!-- @AfterSuite tearDown -->
  <testcase classname="test.BaseTest" name="@BeforeSuite setUp" time="0.0">
    <ignored/>
  </testcase> <!-- @BeforeSuite setUp -->
</testsuite> <!-- LoanTests -->
