<?xml version="1.0" encoding="UTF-8"?>
<!-- Generated by org.testng.reporters.JUnitXMLReporter -->
<testsuite ignored="2" hostname="LTIN531917" failures="0" tests="4" name="LoanTests" time="30.115" errors="0" timestamp="2025-07-14T18:00:52 IST">
  <testcase classname="test.CarLoanTest" name="carLoanDataPassing" time="1.371"/>
  <testcase classname="test.CarLoanTest" name="carLoanTest" time="0.427"/>
  <testcase classname="test.HomeLoanTest" name="homeLoanTest" time="6.514"/>
  <testcase classname="test.HomeLoanTest" name="homeLoanData1" time="20.085"/>
  <testcase classname="test.BaseTest" name="@AfterSuite tearDown" time="0.0">
    <ignored/>
  </testcase> <!-- @AfterSuite tearDown -->
  <testcase classname="test.BaseTest" name="@BeforeSuite setUp" time="0.0">
    <ignored/>
  </testcase> <!-- @BeforeSuite setUp -->
</testsuite> <!-- LoanTests -->
