<?xml version="1.0" encoding="UTF-8"?>
<!-- Generated by org.testng.reporters.JUnitXMLReporter -->
<testsuite ignored="2" hostname="LTIN531917" failures="0" tests="4" name="LoanTests" time="46.242" errors="0" timestamp="2025-07-14T22:33:12 IST">
  <testcase classname="test.CarLoanTest" name="carLoanDataPassing" time="2.998"/>
  <testcase classname="test.CarLoanTest" name="carLoanTest" time="0.795"/>
  <testcase classname="test.HomeLoanTest" name="homeLoanTest" time="13.328"/>
  <testcase classname="test.HomeLoanTest" name="homeLoanData1" time="26.586"/>
  <testcase classname="test.BaseTest" name="@AfterSuite tearDown" time="0.0">
    <ignored/>
  </testcase> <!-- @AfterSuite tearDown -->
  <testcase classname="test.BaseTest" name="@BeforeSuite setUp" time="0.0">
    <ignored/>
  </testcase> <!-- @BeforeSuite setUp -->
</testsuite> <!-- LoanTests -->
