<?xml version="1.0" encoding="UTF-8"?>
<testng-results ignored="2" total="6" passed="4" failed="0" skipped="0">
  <reporter-output>
  </reporter-output>
  <suite started-at="2025-07-14T18:00:22 IST" name="Suite" finished-at="2025-07-14T18:00:52 IST" duration-ms="30115">
    <groups>
    </groups>
    <test started-at="2025-07-14T18:00:22 IST" name="LoanTests" finished-at="2025-07-14T18:00:52 IST" duration-ms="30115">
      <class name="test.HomeLoanTest">
        <test-method signature="homeLoanTest(java.lang.String,java.lang.String,java.lang.String,java.lang.String,java.lang.String,java.lang.String,java.lang.String,java.lang.String,java.lang.String,java.lang.String,java.lang.String,java.lang.String,java.lang.String)[pri:1, instance:test.HomeLoanTest@441772e]" started-at="2025-07-14T18:00:26 IST" name="homeLoanTest" data-provider="homeLoanData" finished-at="2025-07-14T18:00:32 IST" depends-on-methods="test.CarLoanTest.carLoanTest" duration-ms="6514" status="PASS">
          <params>
            <param index="0">
              <value>
                <![CDATA[5000000]]>
              </value>
            </param>
            <param index="1">
              <value>
                <![CDATA[20]]>
              </value>
            </param>
            <param index="2">
              <value>
                <![CDATA[percentage]]>
              </value>
            </param>
            <param index="3">
              <value>
                <![CDATA[0]]>
              </value>
            </param>
            <param index="4">
              <value>
                <![CDATA[4000000]]>
              </value>
            </param>
            <param index="5">
              <value>
                <![CDATA[9]]>
              </value>
            </param>
            <param index="6">
              <value>
                <![CDATA[20]]>
              </value>
            </param>
            <param index="7">
              <value>
                <![CDATA[0.25]]>
              </value>
            </param>
            <param index="8">
              <value>
                <![CDATA[Jul-25]]>
              </value>
            </param>
            <param index="9">
              <value>
                <![CDATA[10]]>
              </value>
            </param>
            <param index="10">
              <value>
                <![CDATA[0.25]]>
              </value>
            </param>
            <param index="11">
              <value>
                <![CDATA[0.05]]>
              </value>
            </param>
            <param index="12">
              <value>
                <![CDATA[2500]]>
              </value>
            </param>
          </params>
          <reporter-output>
          </reporter-output>
        </test-method> <!-- homeLoanTest -->
        <test-method signature="homeLoanData1()[pri:2, instance:test.HomeLoanTest@441772e]" started-at="2025-07-14T18:00:32 IST" name="homeLoanData1" finished-at="2025-07-14T18:00:52 IST" depends-on-methods="test.HomeLoanTest.homeLoanTest" duration-ms="20085" status="PASS">
          <reporter-output>
          </reporter-output>
        </test-method> <!-- homeLoanData1 -->
      </class> <!-- test.HomeLoanTest -->
      <class name="test.CarLoanTest">
        <test-method is-config="true" signature="setUp()[pri:0, instance:test.CarLoanTest@6e171cd7]" started-at="2025-07-14T18:00:13 IST" name="setUp" finished-at="2025-07-14T18:00:22 IST" duration-ms="8839" status="PASS">
          <reporter-output>
          </reporter-output>
        </test-method> <!-- setUp -->
        <test-method signature="carLoanDataPassing(java.lang.String,java.lang.String,java.lang.String,java.lang.String)[pri:1, instance:test.CarLoanTest@6e171cd7]" started-at="2025-07-14T18:00:24 IST" name="carLoanDataPassing" data-provider="carLoanData" finished-at="2025-07-14T18:00:25 IST" duration-ms="1371" status="PASS">
          <params>
            <param index="0">
              <value>
                <![CDATA[1500000]]>
              </value>
            </param>
            <param index="1">
              <value>
                <![CDATA[9.5]]>
              </value>
            </param>
            <param index="2">
              <value>
                <![CDATA[1]]>
              </value>
            </param>
            <param index="3">
              <value>
                <![CDATA[year]]>
              </value>
            </param>
          </params>
          <reporter-output>
          </reporter-output>
        </test-method> <!-- carLoanDataPassing -->
        <test-method signature="carLoanTest()[pri:2, instance:test.CarLoanTest@6e171cd7]" started-at="2025-07-14T18:00:25 IST" name="carLoanTest" finished-at="2025-07-14T18:00:26 IST" depends-on-methods="test.CarLoanTest.carLoanDataPassing" duration-ms="427" status="PASS">
          <reporter-output>
          </reporter-output>
        </test-method> <!-- carLoanTest -->
        <test-method is-config="true" signature="tearDown()[pri:0, instance:test.CarLoanTest@6e171cd7]" started-at="2025-07-14T18:00:52 IST" name="tearDown" finished-at="2025-07-14T18:00:56 IST" duration-ms="3545" status="PASS">
          <reporter-output>
          </reporter-output>
        </test-method> <!-- tearDown -->
      </class> <!-- test.CarLoanTest -->
    </test> <!-- LoanTests -->
  </suite> <!-- Suite -->
</testng-results>
