<?xml version="1.0" encoding="UTF-8"?>
<testng-results ignored="2" total="5" passed="3" failed="0" skipped="0">
  <reporter-output>
  </reporter-output>
  <suite started-at="2025-07-15T14:30:49 IST" name="Suite" finished-at="2025-07-15T14:31:33 IST" duration-ms="43836">
    <groups>
    </groups>
    <test started-at="2025-07-15T14:30:49 IST" name="LoanTests" finished-at="2025-07-15T14:31:33 IST" duration-ms="43836">
      <class name="test.HomeLoanTest">
        <test-method signature="homeLoanTest(java.lang.String,java.lang.String,java.lang.String,java.lang.String,java.lang.String,java.lang.String,java.lang.String,java.lang.String,java.lang.String,java.lang.String,java.lang.String,java.lang.String,java.lang.String)[pri:1, instance:test.HomeLoanTest@3754a4bf]" started-at="2025-07-15T14:30:57 IST" name="homeLoanTest" data-provider="homeLoanData" finished-at="2025-07-15T14:31:06 IST" depends-on-methods="test.CarLoanTest.carLoanDataPassing" duration-ms="9521" status="PASS">
          <params>
            <param index="0">
              <value>
                <![CDATA[5000000]]>
              </value>
            </param>
            <param index="1">
              <value>
                <![CDATA[20]]>
              </value>
            </param>
            <param index="2">
              <value>
                <![CDATA[percentage]]>
              </value>
            </param>
            <param index="3">
              <value>
                <![CDATA[0]]>
              </value>
            </param>
            <param index="4">
              <value>
                <![CDATA[4000000]]>
              </value>
            </param>
            <param index="5">
              <value>
                <![CDATA[9]]>
              </value>
            </param>
            <param index="6">
              <value>
                <![CDATA[20]]>
              </value>
            </param>
            <param index="7">
              <value>
                <![CDATA[0.25]]>
              </value>
            </param>
            <param index="8">
              <value>
                <![CDATA[Jul-25]]>
              </value>
            </param>
            <param index="9">
              <value>
                <![CDATA[10]]>
              </value>
            </param>
            <param index="10">
              <value>
                <![CDATA[0.25]]>
              </value>
            </param>
            <param index="11">
              <value>
                <![CDATA[0.05]]>
              </value>
            </param>
            <param index="12">
              <value>
                <![CDATA[2500]]>
              </value>
            </param>
          </params>
          <reporter-output>
          </reporter-output>
        </test-method> <!-- homeLoanTest -->
        <test-method signature="homeLoanData1()[pri:2, instance:test.HomeLoanTest@3754a4bf]" started-at="2025-07-15T14:31:06 IST" name="homeLoanData1" finished-at="2025-07-15T14:31:33 IST" depends-on-methods="test.HomeLoanTest.homeLoanTest" duration-ms="27183" status="PASS">
          <reporter-output>
          </reporter-output>
        </test-method> <!-- homeLoanData1 -->
      </class> <!-- test.HomeLoanTest -->
      <class name="test.CarLoanTest">
        <test-method is-config="true" signature="setUp()[pri:0, instance:test.CarLoanTest@2d3379b4]" started-at="2025-07-15T14:30:38 IST" name="setUp" finished-at="2025-07-15T14:30:49 IST" duration-ms="11631" status="PASS">
          <reporter-output>
          </reporter-output>
        </test-method> <!-- setUp -->
        <test-method signature="carLoanDataPassing(java.lang.String,java.lang.String,java.lang.String,java.lang.String)[pri:1, instance:test.CarLoanTest@2d3379b4]" started-at="2025-07-15T14:30:53 IST" name="carLoanDataPassing" data-provider="carLoanData" finished-at="2025-07-15T14:30:56 IST" duration-ms="3468" status="PASS">
          <params>
            <param index="0">
              <value>
                <![CDATA[1500000]]>
              </value>
            </param>
            <param index="1">
              <value>
                <![CDATA[9.5]]>
              </value>
            </param>
            <param index="2">
              <value>
                <![CDATA[1]]>
              </value>
            </param>
            <param index="3">
              <value>
                <![CDATA[year]]>
              </value>
            </param>
          </params>
          <reporter-output>
          </reporter-output>
        </test-method> <!-- carLoanDataPassing -->
        <test-method is-config="true" signature="tearDown()[pri:0, instance:test.CarLoanTest@2d3379b4]" started-at="2025-07-15T14:31:35 IST" name="tearDown" finished-at="2025-07-15T14:31:39 IST" duration-ms="4221" status="PASS">
          <reporter-output>
          </reporter-output>
        </test-method> <!-- tearDown -->
      </class> <!-- test.CarLoanTest -->
    </test> <!-- LoanTests -->
  </suite> <!-- Suite -->
</testng-results>
